[2023-04-16 22:58:40.544270][0:6543bf1329057902][INFO ] [logger/test/logger_test.cpp:22][main]info message
[2023-04-16 22:58:40.544304][0:6543bf1329057902][INFO ] [logger/test/logger_test.cpp:24][main]name:tomocat age:26 weight:56.2
[2023-04-16 22:58:40.544320][0:6543bf1329057902][WARN ] [logger/test/logger_test.cpp:25][main]warn message
[2023-04-16 22:58:40.544330][0:6543bf1329057902][ERROR] [logger/test/logger_test.cpp:26][main]error message
[2023-04-16 22:58:40.544337][0:6543bf1329057902][ERROR] [logger/test/logger_test.cpp:27][main][tag=err_tag]error message with tag, type:pencil length:17
[2023-04-16 22:58:40.544347][0:6543bf1329057902][INFO ] [logger/test/logger_test.cpp:30][main] double: 3.14, int64_t:-801
[2023-04-16 22:58:40.544352][0:6543bf1329057902][WARN ] [logger/test/logger_test.cpp:31][main] warn message
[2023-04-16 22:58:40.544356][0:6543bf1329057902][ERROR] [logger/test/logger_test.cpp:32][main] error message
[2023-04-16 22:58:40.544362][0:6543bf1329057902][INFO ] [logger/test/logger_test.cpp:36][main] example_prefix||int32_data=-10||uint64_data=1234||double_data=3.14159||bool_data=1||string_data=cat||char_data=dog||float_format_data=%.2f=3.14159
[2023-04-16 22:59:46.250688][0:67427877a69a0773][INFO ] [logger/test/logger_test.cpp:22][main] info message
[2023-04-16 22:59:46.250719][0:67427877a69a0773][INFO ] [logger/test/logger_test.cpp:24][main] name:tomocat age:26 weight:56.2
[2023-04-16 22:59:46.250730][0:67427877a69a0773][WARN ] [logger/test/logger_test.cpp:25][main] warn message
[2023-04-16 22:59:46.250733][0:67427877a69a0773][ERROR] [logger/test/logger_test.cpp:26][main] error message
[2023-04-16 22:59:46.250735][0:67427877a69a0773][ERROR] [logger/test/logger_test.cpp:27][main][tag=err_tag] error message with tag, type:pencil length:17
[2023-04-16 22:59:46.250742][0:67427877a69a0773][INFO ] [logger/test/logger_test.cpp:30][main] double: 3.14, int64_t:-801
[2023-04-16 22:59:46.250745][0:67427877a69a0773][WARN ] [logger/test/logger_test.cpp:31][main] warn message
[2023-04-16 22:59:46.250748][0:67427877a69a0773][ERROR] [logger/test/logger_test.cpp:32][main] error message
[2023-04-16 22:59:46.250752][0:67427877a69a0773][INFO ] [logger/test/logger_test.cpp:36][main] example_prefix||int32_data=-10||uint64_data=1234||double_data=3.14159||bool_data=1||string_data=cat||char_data=dog||float_format_data=%.2f=3.14159
[2023-04-16 23:01:33.285736][0:304d4d890b1c8151][INFO ] [logger/test/logger_test.cpp:22][main] info message
[2023-04-16 23:01:33.285780][0:304d4d890b1c8151][INFO ] [logger/test/logger_test.cpp:24][main] name:tomocat age:26 weight:56.2
[2023-04-16 23:01:33.285789][0:304d4d890b1c8151][WARN ] [logger/test/logger_test.cpp:25][main] warn message
[2023-04-16 23:01:33.285792][0:304d4d890b1c8151][ERROR] [logger/test/logger_test.cpp:26][main] error message
[2023-04-16 23:01:33.285795][0:304d4d890b1c8151][ERROR] [logger/test/logger_test.cpp:27][main][tag=err_tag] error message with tag, type:pencil length:17
[2023-04-16 23:01:33.285802][0:304d4d890b1c8151][INFO ] [logger/test/logger_test.cpp:30][main] double: 3.14, int64_t:-801
[2023-04-16 23:01:33.285805][0:304d4d890b1c8151][WARN ] [logger/test/logger_test.cpp:31][main] warn message
[2023-04-16 23:01:33.285809][0:304d4d890b1c8151][ERROR] [logger/test/logger_test.cpp:32][main] error message
[2023-04-16 23:01:33.285814][0:304d4d890b1c8151][INFO ] [logger/test/logger_test.cpp:36][main] example_prefix||int32_data=-10||uint64_data=1234||double_data=3.14159||bool_data=1||string_data=cat||char_data=dog||float_format_data=%.2f=3.14159
Exiting due to FATAL message:
[logger/test/logger_test.cpp:46][main] x must be larger than 0!
Call Stack:

./build64_release/logger/test/logger_test(+0x1bda4) [0x55592d112da4]
./build64_release/logger/test/logger_test(+0x1a126) [0x55592d111126]
/lib/x86_64-linux-gnu/libc.so.6(__libc_start_main+0xf3) [0x7f29b59a4083]
./build64_release/logger/test/logger_test(+0x1a8fe) [0x55592d1118fe]



[2023-04-16 23:02:58.251542][0:be4e8ecc937febc6][INFO ] [logger/test/logger_test.cpp:22][main] info message
[2023-04-16 23:02:58.251602][0:be4e8ecc937febc6][INFO ] [logger/test/logger_test.cpp:24][main] name:tomocat age:26 weight:56.2
[2023-04-16 23:02:58.251627][0:be4e8ecc937febc6][WARN ] [logger/test/logger_test.cpp:25][main] warn message
[2023-04-16 23:02:58.251632][0:be4e8ecc937febc6][ERROR] [logger/test/logger_test.cpp:26][main] error message
[2023-04-16 23:02:58.251636][0:be4e8ecc937febc6][ERROR] [logger/test/logger_test.cpp:27][main][tag=err_tag] error message with tag, type:pencil length:17
[2023-04-16 23:02:58.251646][0:be4e8ecc937febc6][INFO ] [logger/test/logger_test.cpp:30][main] double: 3.14, int64_t:-801
[2023-04-16 23:02:58.251651][0:be4e8ecc937febc6][WARN ] [logger/test/logger_test.cpp:31][main] warn message
[2023-04-16 23:02:58.251655][0:be4e8ecc937febc6][ERROR] [logger/test/logger_test.cpp:32][main] error message
[2023-04-16 23:02:58.251662][0:be4e8ecc937febc6][INFO ] [logger/test/logger_test.cpp:36][main] example_prefix||int32_data=-10||uint64_data=1234||double_data=3.14159||bool_data=1||string_data=cat||char_data=dog||float_format_data=%.2f=3.14159
Exiting due to FATAL message:
[logger/test/logger_test.cpp:46][main] x must be larger than 0!

Call Stack:
./build64_release/logger/test/logger_test(+0x1bda4) [0x55fda337fda4]
./build64_release/logger/test/logger_test(+0x1a126) [0x55fda337e126]
/lib/x86_64-linux-gnu/libc.so.6(__libc_start_main+0xf3) [0x7fb94870b083]
./build64_release/logger/test/logger_test(+0x1a8fe) [0x55fda337e8fe]



